Build started 2015/2/26 13:51:31.
     1>Project "C:\Users\Derek\Desktop\CE2 TEXTBUDDY\TextbuddyTest\TextbuddyTest.vcxproj" on node 2 (Build target(s)).
     1>ClCompile:
         E:\visual studio\VC\bin\CL.exe /c /I"C:\Users\Derek\Desktop\CE2 TEXTBUDDY\CE2 TEXTBUDDY" /I"E:\visual studio\VC\UnitTest\include" /ZI /nologo /W3 /WX- /Od /Oy- /D WIN32 /D _DEBUG /D _WINDLL /D _UNICODE /D UNICODE /Gm /EHsc /RTC1 /MDd /GS /fp:precise /Zc:wchar_t /Zc:forScope /Yu"stdafx.h" /Fp"Debug\TextbuddyTest.pch" /Fo"Debug\\" /Fd"Debug\vc110.pdb" /Gd /TP /analyze- /FC /errorReport:prompt unittest1.cpp
         unittest1.cpp
       Link:
         E:\visual studio\VC\bin\link.exe /ERRORREPORT:PROMPT /OUT:"C:\Users\Derek\Desktop\CE2 TEXTBUDDY\Debug\TextbuddyTest.dll" /INCREMENTAL /NOLOGO /LIBPATH:"E:\visual studio\VC\UnitTest\lib" kernel32.lib user32.lib gdi32.lib winspool.lib comdlg32.lib advapi32.lib shell32.lib ole32.lib oleaut32.lib uuid.lib odbc32.lib odbccp32.lib /MANIFEST /MANIFESTUAC:"level='asInvoker' uiAccess='false'" /manifest:embed /DEBUG /PDB:"C:\Users\Derek\Desktop\CE2 TEXTBUDDY\Debug\TextbuddyTest.pdb" /SUBSYSTEM:WINDOWS /TLBID:1 /DYNAMICBASE /NXCOMPAT /IMPLIB:"C:\Users\Derek\Desktop\CE2 TEXTBUDDY\Debug\TextbuddyTest.lib" /MACHINE:X86 /DLL Debug\stdafx.obj
         Debug\unittest1.obj
            Creating library C:\Users\Derek\Desktop\CE2 TEXTBUDDY\Debug\TextbuddyTest.lib and object C:\Users\Derek\Desktop\CE2 TEXTBUDDY\Debug\TextbuddyTest.exp
     1>unittest1.obj : error LNK2019: unresolved external symbol "public: static class std::basic_string<char,struct std::char_traits<char>,class std::allocator<char> > __cdecl TextBuddy::addLine(class std::basic_string<char,struct std::char_traits<char>,class std::allocator<char> >,class std::basic_string<char,struct std::char_traits<char>,class std::allocator<char> >)" (?addLine@TextBuddy@@SA?AV?$basic_string@DU?$char_traits@D@std@@V?$allocator@D@2@@std@@V23@0@Z) referenced in function "public: void __thiscall TextBuddyTests::TextBuddyTest::addLineTest(void)" (?addLineTest@TextBuddyTest@TextBuddyTests@@QAEXXZ)
     1>unittest1.obj : error LNK2019: unresolved external symbol "public: static class std::basic_string<char,struct std::char_traits<char>,class std::allocator<char> > __cdecl TextBuddy::deleteLine(class std::basic_string<char,struct std::char_traits<char>,class std::allocator<char> >,class std::basic_string<char,struct std::char_traits<char>,class std::allocator<char> >)" (?deleteLine@TextBuddy@@SA?AV?$basic_string@DU?$char_traits@D@std@@V?$allocator@D@2@@std@@V23@0@Z) referenced in function "public: void __thiscall TextBuddyTests::TextBuddyTest::deleteLineTest(void)" (?deleteLineTest@TextBuddyTest@TextBuddyTests@@QAEXXZ)
     1>unittest1.obj : error LNK2019: unresolved external symbol "public: static class std::basic_string<char,struct std::char_traits<char>,class std::allocator<char> > __cdecl TextBuddy::displayAll(class std::basic_string<char,struct std::char_traits<char>,class std::allocator<char> >)" (?displayAll@TextBuddy@@SA?AV?$basic_string@DU?$char_traits@D@std@@V?$allocator@D@2@@std@@V23@@Z) referenced in function "public: void __thiscall TextBuddyTests::TextBuddyTest::displayAllTest(void)" (?displayAllTest@TextBuddyTest@TextBuddyTests@@QAEXXZ)
     1>unittest1.obj : error LNK2019: unresolved external symbol "public: static class std::basic_string<char,struct std::char_traits<char>,class std::allocator<char> > __cdecl TextBuddy::clearAll(class std::basic_string<char,struct std::char_traits<char>,class std::allocator<char> >)" (?clearAll@TextBuddy@@SA?AV?$basic_string@DU?$char_traits@D@std@@V?$allocator@D@2@@std@@V23@@Z) referenced in function "public: void __thiscall TextBuddyTests::TextBuddyTest::clearAllTest(void)" (?clearAllTest@TextBuddyTest@TextBuddyTests@@QAEXXZ)
     1>unittest1.obj : error LNK2019: unresolved external symbol "public: static class std::basic_string<char,struct std::char_traits<char>,class std::allocator<char> > __cdecl TextBuddy::sortLineAlphabetically(class std::basic_string<char,struct std::char_traits<char>,class std::allocator<char> >)" (?sortLineAlphabetically@TextBuddy@@SA?AV?$basic_string@DU?$char_traits@D@std@@V?$allocator@D@2@@std@@V23@@Z) referenced in function "public: void __thiscall TextBuddyTests::TextBuddyTest::sortAlphaTest(void)" (?sortAlphaTest@TextBuddyTest@TextBuddyTests@@QAEXXZ)
     1>unittest1.obj : error LNK2019: unresolved external symbol "public: static class std::basic_string<char,struct std::char_traits<char>,class std::allocator<char> > __cdecl TextBuddy::searchForWord(class std::basic_string<char,struct std::char_traits<char>,class std::allocator<char> >,class std::basic_string<char,struct std::char_traits<char>,class std::allocator<char> >)" (?searchForWord@TextBuddy@@SA?AV?$basic_string@DU?$char_traits@D@std@@V?$allocator@D@2@@std@@V23@0@Z) referenced in function "public: void __thiscall TextBuddyTests::TextBuddyTest::searchForWordTest(void)" (?searchForWordTest@TextBuddyTest@TextBuddyTests@@QAEXXZ)
     1>unittest1.obj : error LNK2019: unresolved external symbol "public: static class std::basic_string<char,struct std::char_traits<char>,class std::allocator<char> > __cdecl TextBuddy::getFirstWord(class std::basic_string<char,struct std::char_traits<char>,class std::allocator<char> >)" (?getFirstWord@TextBuddy@@SA?AV?$basic_string@DU?$char_traits@D@std@@V?$allocator@D@2@@std@@V23@@Z) referenced in function "public: void __thiscall TextBuddyTests::TextBuddyTest::getFirstWordTest(void)" (?getFirstWordTest@TextBuddyTest@TextBuddyTests@@QAEXXZ)
     1>unittest1.obj : error LNK2019: unresolved external symbol "public: static void __cdecl TextBuddy::writeToFile(class std::basic_string<char,struct std::char_traits<char>,class std::allocator<char> >)" (?writeToFile@TextBuddy@@SAXV?$basic_string@DU?$char_traits@D@std@@V?$allocator@D@2@@std@@@Z) referenced in function "public: void __thiscall TextBuddyTests::TextBuddyTest::deleteLineTest(void)" (?deleteLineTest@TextBuddyTest@TextBuddyTests@@QAEXXZ)
     1>unittest1.obj : error LNK2019: unresolved external symbol "public: static bool __cdecl TextBuddy::isValidInput(class std::basic_string<char,struct std::char_traits<char>,class std::allocator<char> >)" (?isValidInput@TextBuddy@@SA_NV?$basic_string@DU?$char_traits@D@std@@V?$allocator@D@2@@std@@@Z) referenced in function "public: void __thiscall TextBuddyTests::TextBuddyTest::isValidInputTest(void)" (?isValidInputTest@TextBuddyTest@TextBuddyTests@@QAEXXZ)
     1>unittest1.obj : error LNK2019: unresolved external symbol "public: static enum TextBuddy::CommandType __cdecl TextBuddy::determineCommandType(class std::basic_string<char,struct std::char_traits<char>,class std::allocator<char> >)" (?determineCommandType@TextBuddy@@SA?AW4CommandType@1@V?$basic_string@DU?$char_traits@D@std@@V?$allocator@D@2@@std@@@Z) referenced in function "public: void __thiscall TextBuddyTests::TextBuddyTest::determineCommandTypeTest(void)" (?determineCommandTypeTest@TextBuddyTest@TextBuddyTests@@QAEXXZ)
     1>unittest1.obj : error LNK2019: unresolved external symbol "public: static class std::basic_string<char,struct std::char_traits<char>,class std::allocator<char> > __cdecl TextBuddy::checkCommandType(enum TextBuddy::CommandType)" (?checkCommandType@TextBuddy@@SA?AV?$basic_string@DU?$char_traits@D@std@@V?$allocator@D@2@@std@@W4CommandType@1@@Z) referenced in function "public: void __thiscall TextBuddyTests::TextBuddyTest::determineCommandTypeTest(void)" (?determineCommandTypeTest@TextBuddyTest@TextBuddyTests@@QAEXXZ)
     1>C:\Users\Derek\Desktop\CE2 TEXTBUDDY\Debug\TextbuddyTest.dll : fatal error LNK1120: 11 unresolved externals
     1>Done Building Project "C:\Users\Derek\Desktop\CE2 TEXTBUDDY\TextbuddyTest\TextbuddyTest.vcxproj" (Build target(s)) -- FAILED.

Build FAILED.

Time Elapsed 00:00:04.73
